Determining if the prototype Z3_get_error_msg exists for HAVE_Z3_GET_ERROR_MSG_NEEDS_CONTEXT failed with the following output:
Change Dir: /build/KLEE/CMakeFiles/CMakeTmp

Run Build Command:"/usr/bin/make" "cmTC_e649e/fast"
/usr/bin/make -f CMakeFiles/cmTC_e649e.dir/build.make CMakeFiles/cmTC_e649e.dir/build
make[1]: Entering directory '/build/KLEE/CMakeFiles/CMakeTmp'
Building C object CMakeFiles/cmTC_e649e.dir/CheckPrototypeDefinition.c.o
/usr/bin/cc   -Wall -Wextra -Wno-unused-parameter    -o CMakeFiles/cmTC_e649e.dir/CheckPrototypeDefinition.c.o   -c /build/KLEE/CMakeFiles/CMakeTmp/CheckPrototypeDefinition.c
/build/KLEE/CMakeFiles/CMakeTmp/CheckPrototypeDefinition.c:14:11: error: conflicting types for 'Z3_get_error_msg'
 Z3_string Z3_get_error_msg(Z3_context c, Z3_error_code err) {
           ^~~~~~~~~~~~~~~~
In file included from /usr/include/z3.h:26:0,
                 from /build/KLEE/CMakeFiles/CMakeTmp/CheckPrototypeDefinition.c:1:
/usr/include/z3_api.h:5314:22: note: previous declaration of 'Z3_get_error_msg' was here
     Z3_string Z3_API Z3_get_error_msg(Z3_error_code err);
                      ^~~~~~~~~~~~~~~~
CMakeFiles/cmTC_e649e.dir/build.make:65: recipe for target 'CMakeFiles/cmTC_e649e.dir/CheckPrototypeDefinition.c.o' failed
make[1]: *** [CMakeFiles/cmTC_e649e.dir/CheckPrototypeDefinition.c.o] Error 1
make[1]: Leaving directory '/build/KLEE/CMakeFiles/CMakeTmp'
Makefile:126: recipe for target 'cmTC_e649e/fast' failed
make: *** [cmTC_e649e/fast] Error 2


#include </usr/include/z3.h>


static void cmakeRequireSymbol(int dummy, ...) {
  (void) dummy;
}

static void checkSymbol(void) {
#ifndef Z3_get_error_msg
  cmakeRequireSymbol(0, &Z3_get_error_msg);
#endif
}

Z3_string Z3_get_error_msg(Z3_context c, Z3_error_code err) {
  return NULL;
}

#ifdef __CLASSIC_C__
int main() {
  int ac;
  char*av[];
#else
int main(int ac, char *av[]) {
#endif
  checkSymbol();
  if (ac > 1000) {
    return *av[0];
  }
  return 0;
}


Determining if the include file sys/capability.h exists failed with the following output:
Change Dir: /build/KLEE/CMakeFiles/CMakeTmp

Run Build Command:"/usr/bin/make" "cmTC_f4bc3/fast"
/usr/bin/make -f CMakeFiles/cmTC_f4bc3.dir/build.make CMakeFiles/cmTC_f4bc3.dir/build
make[1]: Entering directory '/build/KLEE/CMakeFiles/CMakeTmp'
Building C object CMakeFiles/cmTC_f4bc3.dir/CheckIncludeFile.c.o
/usr/bin/cc   -Wall -Wextra -Wno-unused-parameter    -o CMakeFiles/cmTC_f4bc3.dir/CheckIncludeFile.c.o   -c /build/KLEE/CMakeFiles/CMakeTmp/CheckIncludeFile.c
/build/KLEE/CMakeFiles/CMakeTmp/CheckIncludeFile.c:1:10: fatal error: sys/capability.h: No such file or directory
 #include <sys/capability.h>
          ^~~~~~~~~~~~~~~~~~
compilation terminated.
CMakeFiles/cmTC_f4bc3.dir/build.make:65: recipe for target 'CMakeFiles/cmTC_f4bc3.dir/CheckIncludeFile.c.o' failed
make[1]: *** [CMakeFiles/cmTC_f4bc3.dir/CheckIncludeFile.c.o] Error 1
make[1]: Leaving directory '/build/KLEE/CMakeFiles/CMakeTmp'
Makefile:126: recipe for target 'cmTC_f4bc3/fast' failed
make: *** [cmTC_f4bc3/fast] Error 2


Determining if the include file util.h exists failed with the following output:
Change Dir: /build/KLEE/CMakeFiles/CMakeTmp

Run Build Command:"/usr/bin/make" "cmTC_35aed/fast"
/usr/bin/make -f CMakeFiles/cmTC_35aed.dir/build.make CMakeFiles/cmTC_35aed.dir/build
make[1]: Entering directory '/build/KLEE/CMakeFiles/CMakeTmp'
Building C object CMakeFiles/cmTC_35aed.dir/CheckIncludeFile.c.o
/usr/bin/cc   -Wall -Wextra -Wno-unused-parameter    -o CMakeFiles/cmTC_35aed.dir/CheckIncludeFile.c.o   -c /build/KLEE/CMakeFiles/CMakeTmp/CheckIncludeFile.c
/build/KLEE/CMakeFiles/CMakeTmp/CheckIncludeFile.c:1:10: fatal error: util.h: No such file or directory
 #include <util.h>
          ^~~~~~~~
compilation terminated.
CMakeFiles/cmTC_35aed.dir/build.make:65: recipe for target 'CMakeFiles/cmTC_35aed.dir/CheckIncludeFile.c.o' failed
make[1]: *** [CMakeFiles/cmTC_35aed.dir/CheckIncludeFile.c.o] Error 1
make[1]: Leaving directory '/build/KLEE/CMakeFiles/CMakeTmp'
Makefile:126: recipe for target 'cmTC_35aed/fast' failed
make: *** [cmTC_35aed/fast] Error 2


Determining if the include file libutil.h exists failed with the following output:
Change Dir: /build/KLEE/CMakeFiles/CMakeTmp

Run Build Command:"/usr/bin/make" "cmTC_c32d5/fast"
/usr/bin/make -f CMakeFiles/cmTC_c32d5.dir/build.make CMakeFiles/cmTC_c32d5.dir/build
make[1]: Entering directory '/build/KLEE/CMakeFiles/CMakeTmp'
Building C object CMakeFiles/cmTC_c32d5.dir/CheckIncludeFile.c.o
/usr/bin/cc   -Wall -Wextra -Wno-unused-parameter    -o CMakeFiles/cmTC_c32d5.dir/CheckIncludeFile.c.o   -c /build/KLEE/CMakeFiles/CMakeTmp/CheckIncludeFile.c
/build/KLEE/CMakeFiles/CMakeTmp/CheckIncludeFile.c:1:10: fatal error: libutil.h: No such file or directory
 #include <libutil.h>
          ^~~~~~~~~~~
compilation terminated.
CMakeFiles/cmTC_c32d5.dir/build.make:65: recipe for target 'CMakeFiles/cmTC_c32d5.dir/CheckIncludeFile.c.o' failed
make[1]: *** [CMakeFiles/cmTC_c32d5.dir/CheckIncludeFile.c.o] Error 1
make[1]: Leaving directory '/build/KLEE/CMakeFiles/CMakeTmp'
Makefile:126: recipe for target 'cmTC_c32d5/fast' failed
make: *** [cmTC_c32d5/fast] Error 2


Determining if the function openpty exists failed with the following output:
Change Dir: /build/KLEE/CMakeFiles/CMakeTmp

Run Build Command:"/usr/bin/make" "cmTC_09453/fast"
/usr/bin/make -f CMakeFiles/cmTC_09453.dir/build.make CMakeFiles/cmTC_09453.dir/build
make[1]: Entering directory '/build/KLEE/CMakeFiles/CMakeTmp'
Building C object CMakeFiles/cmTC_09453.dir/CheckFunctionExists.c.o
/usr/bin/cc   -Wall -Wextra -Wno-unused-parameter -DCHECK_FUNCTION_EXISTS=openpty   -o CMakeFiles/cmTC_09453.dir/CheckFunctionExists.c.o   -c /usr/share/cmake-3.10/Modules/CheckFunctionExists.c
Linking C executable cmTC_09453
/usr/bin/cmake -E cmake_link_script CMakeFiles/cmTC_09453.dir/link.txt --verbose=1
/usr/bin/cc  -Wall -Wextra -Wno-unused-parameter -DCHECK_FUNCTION_EXISTS=openpty    -rdynamic CMakeFiles/cmTC_09453.dir/CheckFunctionExists.c.o  -o cmTC_09453 
CMakeFiles/cmTC_09453.dir/CheckFunctionExists.c.o: In function `main':
CheckFunctionExists.c:(.text+0x10): undefined reference to `openpty'
collect2: error: ld returned 1 exit status
CMakeFiles/cmTC_09453.dir/build.make:97: recipe for target 'cmTC_09453' failed
make[1]: *** [cmTC_09453] Error 1
make[1]: Leaving directory '/build/KLEE/CMakeFiles/CMakeTmp'
Makefile:126: recipe for target 'cmTC_09453/fast' failed
make: *** [cmTC_09453/fast] Error 2


Determining if the malloc_zone_statistics exist failed with the following output:
Change Dir: /build/KLEE/CMakeFiles/CMakeTmp

Run Build Command:"/usr/bin/make" "cmTC_5b2ed/fast"
/usr/bin/make -f CMakeFiles/cmTC_5b2ed.dir/build.make CMakeFiles/cmTC_5b2ed.dir/build
make[1]: Entering directory '/build/KLEE/CMakeFiles/CMakeTmp'
Building CXX object CMakeFiles/cmTC_5b2ed.dir/CheckSymbolExists.cxx.o
/usr/bin/c++    -Wall -Wextra -Wno-unused-parameter    -o CMakeFiles/cmTC_5b2ed.dir/CheckSymbolExists.cxx.o -c /build/KLEE/CMakeFiles/CMakeTmp/CheckSymbolExists.cxx
/build/KLEE/CMakeFiles/CMakeTmp/CheckSymbolExists.cxx:2:10: fatal error: malloc/malloc.h: No such file or directory
 #include <malloc/malloc.h>
          ^~~~~~~~~~~~~~~~~
compilation terminated.
CMakeFiles/cmTC_5b2ed.dir/build.make:65: recipe for target 'CMakeFiles/cmTC_5b2ed.dir/CheckSymbolExists.cxx.o' failed
make[1]: *** [CMakeFiles/cmTC_5b2ed.dir/CheckSymbolExists.cxx.o] Error 1
make[1]: Leaving directory '/build/KLEE/CMakeFiles/CMakeTmp'
Makefile:126: recipe for target 'cmTC_5b2ed/fast' failed
make: *** [cmTC_5b2ed/fast] Error 2

File /build/KLEE/CMakeFiles/CMakeTmp/CheckSymbolExists.cxx:
/* */
#include <malloc/malloc.h>

int main(int argc, char** argv)
{
  (void)argv;
#ifndef malloc_zone_statistics
  return ((int*)(&malloc_zone_statistics))[argc];
#else
  (void)argc;
  return 0;
#endif
}

Determining if the include file selinux/selinux.h exists failed with the following output:
Change Dir: /build/KLEE/CMakeFiles/CMakeTmp

Run Build Command:"/usr/bin/make" "cmTC_4c6a9/fast"
/usr/bin/make -f CMakeFiles/cmTC_4c6a9.dir/build.make CMakeFiles/cmTC_4c6a9.dir/build
make[1]: Entering directory '/build/KLEE/CMakeFiles/CMakeTmp'
Building C object CMakeFiles/cmTC_4c6a9.dir/CheckIncludeFile.c.o
/usr/bin/cc   -Wall -Wextra -Wno-unused-parameter    -o CMakeFiles/cmTC_4c6a9.dir/CheckIncludeFile.c.o   -c /build/KLEE/CMakeFiles/CMakeTmp/CheckIncludeFile.c
/build/KLEE/CMakeFiles/CMakeTmp/CheckIncludeFile.c:1:10: fatal error: selinux/selinux.h: No such file or directory
 #include <selinux/selinux.h>
          ^~~~~~~~~~~~~~~~~~~
compilation terminated.
CMakeFiles/cmTC_4c6a9.dir/build.make:65: recipe for target 'CMakeFiles/cmTC_4c6a9.dir/CheckIncludeFile.c.o' failed
make[1]: *** [CMakeFiles/cmTC_4c6a9.dir/CheckIncludeFile.c.o] Error 1
make[1]: Leaving directory '/build/KLEE/CMakeFiles/CMakeTmp'
Makefile:126: recipe for target 'cmTC_4c6a9/fast' failed
make: *** [cmTC_4c6a9/fast] Error 2


Determining if the include file sys/acl.h exists failed with the following output:
Change Dir: /build/KLEE/CMakeFiles/CMakeTmp

Run Build Command:"/usr/bin/make" "cmTC_b2c8a/fast"
/usr/bin/make -f CMakeFiles/cmTC_b2c8a.dir/build.make CMakeFiles/cmTC_b2c8a.dir/build
make[1]: Entering directory '/build/KLEE/CMakeFiles/CMakeTmp'
Building C object CMakeFiles/cmTC_b2c8a.dir/CheckIncludeFile.c.o
/usr/bin/cc   -Wall -Wextra -Wno-unused-parameter    -o CMakeFiles/cmTC_b2c8a.dir/CheckIncludeFile.c.o   -c /build/KLEE/CMakeFiles/CMakeTmp/CheckIncludeFile.c
/build/KLEE/CMakeFiles/CMakeTmp/CheckIncludeFile.c:1:10: fatal error: sys/acl.h: No such file or directory
 #include <sys/acl.h>
          ^~~~~~~~~~~
compilation terminated.
CMakeFiles/cmTC_b2c8a.dir/build.make:65: recipe for target 'CMakeFiles/cmTC_b2c8a.dir/CheckIncludeFile.c.o' failed
make[1]: *** [CMakeFiles/cmTC_b2c8a.dir/CheckIncludeFile.c.o] Error 1
make[1]: Leaving directory '/build/KLEE/CMakeFiles/CMakeTmp'
Makefile:126: recipe for target 'cmTC_b2c8a/fast' failed
make: *** [cmTC_b2c8a/fast] Error 2


Determining if the pthread_create exist failed with the following output:
Change Dir: /build/KLEE/CMakeFiles/CMakeTmp

Run Build Command:"/usr/bin/make" "cmTC_708d7/fast"
/usr/bin/make -f CMakeFiles/cmTC_708d7.dir/build.make CMakeFiles/cmTC_708d7.dir/build
make[1]: Entering directory '/build/KLEE/CMakeFiles/CMakeTmp'
Building C object CMakeFiles/cmTC_708d7.dir/CheckSymbolExists.c.o
/usr/bin/cc   -Wall -Wextra -Wno-unused-parameter    -o CMakeFiles/cmTC_708d7.dir/CheckSymbolExists.c.o   -c /build/KLEE/CMakeFiles/CMakeTmp/CheckSymbolExists.c
Linking C executable cmTC_708d7
/usr/bin/cmake -E cmake_link_script CMakeFiles/cmTC_708d7.dir/link.txt --verbose=1
/usr/bin/cc  -Wall -Wextra -Wno-unused-parameter     -rdynamic CMakeFiles/cmTC_708d7.dir/CheckSymbolExists.c.o  -o cmTC_708d7 
CMakeFiles/cmTC_708d7.dir/CheckSymbolExists.c.o: In function `main':
CheckSymbolExists.c:(.text+0x1b): undefined reference to `pthread_create'
collect2: error: ld returned 1 exit status
CMakeFiles/cmTC_708d7.dir/build.make:97: recipe for target 'cmTC_708d7' failed
make[1]: *** [cmTC_708d7] Error 1
make[1]: Leaving directory '/build/KLEE/CMakeFiles/CMakeTmp'
Makefile:126: recipe for target 'cmTC_708d7/fast' failed
make: *** [cmTC_708d7/fast] Error 2

File /build/KLEE/CMakeFiles/CMakeTmp/CheckSymbolExists.c:
/* */
#include <pthread.h>

int main(int argc, char** argv)
{
  (void)argv;
#ifndef pthread_create
  return ((int*)(&pthread_create))[argc];
#else
  (void)argc;
  return 0;
#endif
}

Determining if the function pthread_create exists in the pthreads failed with the following output:
Change Dir: /build/KLEE/CMakeFiles/CMakeTmp

Run Build Command:"/usr/bin/make" "cmTC_dcd7a/fast"
/usr/bin/make -f CMakeFiles/cmTC_dcd7a.dir/build.make CMakeFiles/cmTC_dcd7a.dir/build
make[1]: Entering directory '/build/KLEE/CMakeFiles/CMakeTmp'
Building C object CMakeFiles/cmTC_dcd7a.dir/CheckFunctionExists.c.o
/usr/bin/cc   -Wall -Wextra -Wno-unused-parameter -DCHECK_FUNCTION_EXISTS=pthread_create   -o CMakeFiles/cmTC_dcd7a.dir/CheckFunctionExists.c.o   -c /usr/share/cmake-3.10/Modules/CheckFunctionExists.c
Linking C executable cmTC_dcd7a
/usr/bin/cmake -E cmake_link_script CMakeFiles/cmTC_dcd7a.dir/link.txt --verbose=1
/usr/bin/cc  -Wall -Wextra -Wno-unused-parameter -DCHECK_FUNCTION_EXISTS=pthread_create    -rdynamic CMakeFiles/cmTC_dcd7a.dir/CheckFunctionExists.c.o  -o cmTC_dcd7a -lpthreads 
/usr/bin/ld: cannot find -lpthreads
collect2: error: ld returned 1 exit status
CMakeFiles/cmTC_dcd7a.dir/build.make:97: recipe for target 'cmTC_dcd7a' failed
make[1]: *** [cmTC_dcd7a] Error 1
make[1]: Leaving directory '/build/KLEE/CMakeFiles/CMakeTmp'
Makefile:126: recipe for target 'cmTC_dcd7a/fast' failed
make: *** [cmTC_dcd7a/fast] Error 2


